\BOOKMARK [0][-]{section*.1}{\376\377\000D\000e\000c\000l\000a\000r\000a\000c\000i\000\363\000n\000\040\000d\000e\000\040\000a\000u\000t\000o\000r\000\355\000a\000\040\000y\000\040\000o\000r\000i\000g\000i\000n\000a\000l\000i\000d\000a\000d}{}% 1
\BOOKMARK [0][-]{section*.2}{\376\377\000R\000e\000s\000u\000m\000e\000n}{}% 2
\BOOKMARK [0][-]{section*.3}{\376\377\000A\000c\000k\000n\000o\000w\000l\000e\000d\000g\000e\000m\000e\000n\000t\000s}{}% 3
\BOOKMARK [0][-]{chapter.14}{\376\377\000I\000n\000t\000o\000d\000u\000c\000c\000i\000\363\000n\000\040\000g\000e\000n\000e\000r\000a\000l\000\040\000y\000\040\000m\000o\000t\000i\000v\000a\000c\000i\000\363\000n}{}% 4
\BOOKMARK [1][-]{section.15}{\376\377\000I\000n\000t\000r\000o\000d\000u\000c\000c\000i\000\363\000n}{chapter.14}% 5
\BOOKMARK [1][-]{section.16}{\376\377\000O\000b\000j\000e\000t\000i\000v\000o\000\040\000y\000\040\000m\000o\000t\000i\000v\000a\000c\000i\000\363\000n}{chapter.14}% 6
\BOOKMARK [1][-]{section.17}{\376\377\000D\000e\000s\000c\000r\000i\000p\000c\000i\000\363\000n\000\040\000d\000e\000\040\000l\000a\000\040\000m\000e\000m\000o\000r\000i\000a}{chapter.14}% 7
\BOOKMARK [0][-]{chapter.18}{\376\377\000R\000e\000c\000o\000n\000o\000c\000i\000m\000i\000e\000n\000t\000o\000\040\000d\000e\000\040\000i\000r\000i\000s}{}% 8
\BOOKMARK [1][-]{section.19}{\376\377\000S\000i\000s\000t\000e\000m\000a\000s\000\040\000d\000e\000\040\000r\000e\000c\000o\000n\000o\000c\000i\000m\000i\000e\000n\000t\000o}{chapter.18}% 9
\BOOKMARK [2][-]{subsection.31}{\376\377\000R\000e\000c\000o\000n\000o\000c\000i\000m\000i\000e\000n\000t\000o\000\040\000d\000e\000\040\000p\000a\000t\000r\000o\000n\000e\000s}{section.19}% 10
\BOOKMARK [2][-]{subsection.32}{\376\377\000C\000o\000m\000p\000o\000n\000e\000n\000t\000e\000s\000\040\000d\000e\000\040\000l\000o\000s\000\040\000s\000i\000s\000t\000e\000m\000a\000s\000\040\000d\000e\000\040\000r\000e\000c\000o\000n\000o\000c\000i\000m\000i\000e\000n\000t\000o\000\040\000d\000e\000\040\000p\000a\000t\000r\000o\000n\000e\000s}{section.19}% 11
\BOOKMARK [1][-]{section.35}{\376\377\000B\000i\000o\000m\000e\000t\000r\000\355\000a}{chapter.18}% 12
\BOOKMARK [2][-]{subsection.36}{\376\377\000S\000i\000s\000t\000e\000m\000a\000s\000\040\000b\000i\000o\000m\000\351\000t\000r\000i\000c\000o\000s}{section.35}% 13
\BOOKMARK [2][-]{subsection.39}{\376\377\000A\000n\000a\000t\000o\000m\000\355\000a\000\040\000d\000e\000l\000\040\000i\000r\000i\000s}{section.35}% 14
\BOOKMARK [1][-]{section.42}{\376\377\000R\000e\000c\000o\000n\000o\000c\000i\000m\000i\000e\000n\000t\000o\000\040\000d\000e\000\040\000i\000r\000i\000s}{chapter.18}% 15
\BOOKMARK [2][-]{subsection.45}{\376\377\000E\000t\000a\000p\000a\000s\000\040\000d\000e\000l\000\040\000r\000e\000c\000o\000n\000o\000c\000i\000m\000i\000e\000n\000t\000o\000\040\000d\000e\000\040\000i\000r\000i\000s}{section.42}% 16
\BOOKMARK [1][-]{section.46}{\376\377\000R\000e\000c\000o\000n\000o\000c\000i\000m\000i\000e\000n\000t\000o\000\040\000d\000e\000\040\000i\000r\000i\000s\000\040\000e\000n\000\040\000c\000o\000n\000d\000i\000c\000i\000o\000n\000e\000s\000\040\000n\000o\000\040\000i\000d\000e\000a\000l\000e\000s}{chapter.18}% 17
\BOOKMARK [2][-]{subsection.51}{\376\377\000F\000a\000c\000t\000o\000r\000e\000s\000\040\000d\000e\000\040\000c\000a\000l\000i\000d\000a\000d}{section.46}% 18
\BOOKMARK [0][-]{chapter.52}{\376\377\000T\000e\000c\000n\000o\000l\000o\000g\000\355\000a\000s\000\040\000y\000\040\000h\000e\000r\000r\000a\000m\000i\000e\000n\000t\000a\000s\000\040\000e\000n\000\040\000e\000l\000\040\000r\000e\000c\000o\000n\000o\000c\000i\000m\000i\000e\000n\000t\000o\000\040\000d\000e\000\040\000i\000r\000i\000s}{}% 19
\BOOKMARK [1][-]{section.53}{\376\377\000I\000n\000t\000r\000o\000d\000u\000c\000c\000i\000\363\000n}{chapter.52}% 20
\BOOKMARK [1][-]{section.54}{\376\377\000O\000p\000e\000n\000C\000V}{chapter.52}% 21
\BOOKMARK [1][-]{section.55}{\376\377\000B\000o\000o\000s\000t}{chapter.52}% 22
\BOOKMARK [1][-]{section.56}{\376\377\000U\000S\000I\000T}{chapter.52}% 23
\BOOKMARK [1][-]{section.57}{\376\377\000C\000A\000S\000I\000A\000-\000I\000r\000i\000s}{chapter.52}% 24
\BOOKMARK [0][-]{appendix.64}{\376\377\000F\000r\000e\000q\000u\000e\000n\000t\000l\000y\000\040\000A\000s\000k\000e\000d\000\040\000Q\000u\000e\000s\000t\000i\000o\000n\000s}{}% 25
\BOOKMARK [1][-]{section.65}{\376\377\000H\000o\000w\000\040\000d\000o\000\040\000I\000\040\000c\000h\000a\000n\000g\000e\000\040\000t\000h\000e\000\040\000c\000o\000l\000o\000r\000s\000\040\000o\000f\000\040\000l\000i\000n\000k\000s\000?}{appendix.64}% 26
